<?xml version="1.0" encoding="UTF-8"?>
<testsuite xmlns:xsi="http://www.w3.org/2001/XMLSchema-instance" xsi:noNamespaceSchemaLocation="https://maven.apache.org/surefire/maven-surefire-plugin/xsd/surefire-test-report-3.0.xsd" version="3.0" name="org.example.services.interfaces.AuthenticationServiceTest" time="28.78" tests="14" errors="0" skipped="0" failures="0">
  <properties>
[...]
</properties>
  <testcase name="testVerifyUser_UserNotFound" classname="org.example.services.interfaces.AuthenticationServiceTest" time="0.174">
    <system-out><![CDATA[Standard Commons Logging discovery in action with spring-jcl: please remove commons-logging.jar from classpath in order to avoid potential conflicts
13:08:38.830 [main] INFO org.springframework.test.context.support.AnnotationConfigContextLoaderUtils -- Could not detect default configuration classes for test class [org.example.services.interfaces.AuthenticationServiceTest]: AuthenticationServiceTest does not declare any static, non-private, non-final, nested classes annotated with @Configuration.
13:08:39.236 [main] INFO org.springframework.boot.test.context.SpringBootTestContextBootstrapper -- Found @SpringBootConfiguration org.example.MeCash for test class org.example.services.interfaces.AuthenticationServiceTest

  .   ____          _            __ _ _
 /\\ / ___'_ __ _ _(_)_ __  __ _ \ \ \ \
( ( )\___ | '_ | '_| | '_ \/ _` | \ \ \ \
 \\/  ___)| |_)| | | | | || (_| |  ) ) ) )
  '  |____| .__|_| |_|_| |_\__, | / / / /
 =========|_|==============|___/=/_/_/_/
 :: Spring Boot ::                (v3.1.1)

2025-02-14T13:08:40.794+01:00  INFO 16188 --- [           main] o.e.s.i.AuthenticationServiceTest        : Starting AuthenticationServiceTest using Java 17.0.14 with PID 16188 (started by danni in C:\Users\danni\IdeaProjects\meCash)
2025-02-14T13:08:40.794+01:00  INFO 16188 --- [           main] o.e.s.i.AuthenticationServiceTest        : The following 1 profile is active: "local"
2025-02-14T13:08:44.213+01:00  INFO 16188 --- [           main] .s.d.r.c.RepositoryConfigurationDelegate : Bootstrapping Spring Data JPA repositories in DEFAULT mode.
2025-02-14T13:08:44.539+01:00  INFO 16188 --- [           main] .s.d.r.c.RepositoryConfigurationDelegate : Finished Spring Data repository scanning in 293 ms. Found 5 JPA repository interfaces.
2025-02-14T13:08:51.721+01:00  INFO 16188 --- [           main] o.hibernate.jpa.internal.util.LogHelper  : HHH000204: Processing PersistenceUnitInfo [name: default]
2025-02-14T13:08:52.034+01:00  INFO 16188 --- [           main] org.hibernate.Version                    : HHH000412: Hibernate ORM core version 6.2.5.Final
2025-02-14T13:08:52.050+01:00  INFO 16188 --- [           main] org.hibernate.cfg.Environment            : HHH000406: Using bytecode reflection optimizer
2025-02-14T13:08:52.585+01:00  INFO 16188 --- [           main] o.h.b.i.BytecodeProviderInitiator        : HHH000021: Bytecode provider name : bytebuddy
2025-02-14T13:08:52.616+01:00  INFO 16188 --- [           main] o.s.o.j.p.SpringPersistenceUnitInfo      : No LoadTimeWeaver setup: ignoring JPA class transformer
2025-02-14T13:08:52.663+01:00  INFO 16188 --- [           main] com.zaxxer.hikari.HikariDataSource       : HikariPool-1 - Starting...
2025-02-14T13:08:54.165+01:00  INFO 16188 --- [           main] com.zaxxer.hikari.pool.HikariPool        : HikariPool-1 - Added connection com.mysql.cj.jdbc.ConnectionImpl@a1b7549
2025-02-14T13:08:54.180+01:00  INFO 16188 --- [           main] com.zaxxer.hikari.HikariDataSource       : HikariPool-1 - Start completed.
2025-02-14T13:08:55.797+01:00  INFO 16188 --- [           main] o.h.b.i.BytecodeProviderInitiator        : HHH000021: Bytecode provider name : bytebuddy
2025-02-14T13:08:57.539+01:00  INFO 16188 --- [           main] o.h.e.t.j.p.i.JtaPlatformInitiator       : HHH000490: Using JtaPlatform implementation: [org.hibernate.engine.transaction.jta.platform.internal.NoJtaPlatform]
2025-02-14T13:08:57.963+01:00  INFO 16188 --- [           main] j.LocalContainerEntityManagerFactoryBean : Initialized JPA EntityManagerFactory for persistence unit 'default'
2025-02-14T13:09:00.560+01:00  WARN 16188 --- [           main] JpaBaseConfiguration$JpaWebConfiguration : spring.jpa.open-in-view is enabled by default. Therefore, database queries may be performed during view rendering. Explicitly configure spring.jpa.open-in-view to disable this warning
2025-02-14T13:09:02.126+01:00  INFO 16188 --- [           main] o.s.s.web.DefaultSecurityFilterChain     : Will secure any request with [org.springframework.security.web.session.DisableEncodeUrlFilter@5b6637f3, org.springframework.security.web.context.request.async.WebAsyncManagerIntegrationFilter@5dc218e2, org.springframework.security.web.context.SecurityContextHolderFilter@6441da2c, org.springframework.security.web.header.HeaderWriterFilter@365fde74, org.springframework.security.web.authentication.logout.LogoutFilter@caee26e, org.example.security.config.JwtAuthFilter@332610ad, org.springframework.security.web.savedrequest.RequestCacheAwareFilter@7c7d83ff, org.springframework.security.web.servletapi.SecurityContextHolderAwareRequestFilter@4b0df349, org.springframework.security.web.authentication.AnonymousAuthenticationFilter@11d474a, org.springframework.security.web.session.SessionManagementFilter@7c046af, org.springframework.security.web.access.ExceptionTranslationFilter@3582077c, org.springframework.security.web.access.intercept.AuthorizationFilter@2c555efb]
2025-02-14T13:09:03.526+01:00  INFO 16188 --- [           main] o.e.s.i.AuthenticationServiceTest        : Started AuthenticationServiceTest in 23.684 seconds (process running for 28.985)
]]></system-out>
  </testcase>
  <testcase name="testCannotAccountWithInvalidLastName" classname="org.example.services.interfaces.AuthenticationServiceTest" time="0.05">
    <system-out><![CDATA[2025-02-14T13:09:04.141+01:00  INFO 16188 --- [           main] o.e.s.i.AuthenticationServiceTest        : Invalid format name
]]></system-out>
  </testcase>
  <testcase name="testCreateAccount_Success" classname="org.example.services.interfaces.AuthenticationServiceTest" time="2.464">
    <system-out><![CDATA[2025-02-14T13:09:04.348+01:00  INFO 16188 --- [           main] o.e.s.impl.AuthenticationServiceImpl     : this is the detailsAkins
2025-02-14T13:09:04.349+01:00  INFO 16188 --- [           main] o.e.s.impl.AuthenticationServiceImpl     : After kininDaniel
2025-02-14T13:09:04.350+01:00  INFO 16188 --- [           main] o.e.s.impl.AuthenticationServiceImpl     : This is ur opt503828
2025-02-14T13:09:04.351+01:00  INFO 16188 --- [           main] o.e.s.impl.AuthenticationServiceImpl     : Before sending email to: test@example.com
2025-02-14T13:09:06.629+01:00  INFO 16188 --- [           main] o.e.s.impl.AuthenticationServiceImpl     : Email sent successfully!
]]></system-out>
  </testcase>
  <testcase name="testCannotAccountWithEmptyLastName" classname="org.example.services.interfaces.AuthenticationServiceTest" time="0.012">
    <system-out><![CDATA[2025-02-14T13:09:06.645+01:00  INFO 16188 --- [           main] o.e.s.i.AuthenticationServiceTest        : field cannot be empty or null
]]></system-out>
  </testcase>
  <testcase name="testVerifyUser_OtpAlreadyUsed" classname="org.example.services.interfaces.AuthenticationServiceTest" time="0.015"/>
  <testcase name="testCannotAccountWithInvalidEmailFormat" classname="org.example.services.interfaces.AuthenticationServiceTest" time="0.016">
    <system-out><![CDATA[2025-02-14T13:09:06.670+01:00  INFO 16188 --- [           main] o.e.s.i.AuthenticationServiceTest        : Invalid email address
]]></system-out>
  </testcase>
  <testcase name="testCannotAccountWithEmptyFirstName" classname="org.example.services.interfaces.AuthenticationServiceTest" time="0">
    <system-out><![CDATA[2025-02-14T13:09:06.676+01:00  INFO 16188 --- [           main] o.e.s.i.AuthenticationServiceTest        : field cannot be empty or null
]]></system-out>
  </testcase>
  <testcase name="testCannotAccountWhenUserAlreadyExists" classname="org.example.services.interfaces.AuthenticationServiceTest" time="0.01"/>
  <testcase name="testCannotAccountWithEmptyEmail" classname="org.example.services.interfaces.AuthenticationServiceTest" time="0.016">
    <system-out><![CDATA[2025-02-14T13:09:06.707+01:00  INFO 16188 --- [           main] o.e.config.validator.EmailValidatorObj   : Email:  is not a valid email address.
2025-02-14T13:09:06.707+01:00  INFO 16188 --- [           main] o.e.s.i.AuthenticationServiceTest        : Email is empty
]]></system-out>
  </testcase>
  <testcase name="testCannotAccountWithInvalidFirstName" classname="org.example.services.interfaces.AuthenticationServiceTest" time="0.094">
    <system-out><![CDATA[2025-02-14T13:09:06.739+01:00  INFO 16188 --- [           main] o.e.s.i.AuthenticationServiceTest        : Invalid format name
]]></system-out>
  </testcase>
  <testcase name="testVerifyUser_OtpNotFound" classname="org.example.services.interfaces.AuthenticationServiceTest" time="0.031"/>
  <testcase name="testLogin_UserNotEnabled" classname="org.example.services.interfaces.AuthenticationServiceTest" time="0.015">
    <system-out><![CDATA[2025-02-14T13:09:06.895+01:00  INFO 16188 --- [           main] o.e.s.impl.AuthenticationServiceImpl     : This is the user test@example.com
]]></system-out>
  </testcase>
  <testcase name="testLogin_InvalidPassword" classname="org.example.services.interfaces.AuthenticationServiceTest" time="0.09">
    <system-out><![CDATA[2025-02-14T13:09:06.975+01:00  INFO 16188 --- [           main] o.e.s.impl.AuthenticationServiceImpl     : This is the user test@example.com
2025-02-14T13:09:06.975+01:00  INFO 16188 --- [           main] o.e.s.impl.AuthenticationServiceImpl     : i is here.....1
2025-02-14T13:09:06.975+01:00  WARN 16188 --- [           main] o.s.s.c.bcrypt.BCryptPasswordEncoder     : Empty encoded password
]]></system-out>
  </testcase>
  <testcase name="testVerifyUser_Success" classname="org.example.services.interfaces.AuthenticationServiceTest" time="0.029"/>
</testsuite>